[2022-05-17 23:03:21] [cache_controller::purge_cache_queue_write] queue file not exist
[2022-05-17 23:03:21] [cache_controller::purge_cache_on_elementor_ajax_update] Purge Cloudflare cache for only post 18 - Fired action: elementor/ajax/register_actions
[2022-05-17 23:03:25] [cache_controller::purge_cache_on_elementor_ajax_update] Purge Cloudflare cache for only post 18 - Fired action: elementor/ajax/register_actions
[2022-05-17 23:12:22] [cache_controller::purge_cache_on_elementor_ajax_update] Purge Cloudflare cache for only post 18 - Fired action: elementor/ajax/register_actions
[2022-05-17 23:13:10] [cache_controller::purge_cache_on_elementor_ajax_update] Purge Cloudflare cache for only post 18 - Fired action: elementor/ajax/register_actions
[2022-05-17 23:14:13] [cache_controller::purge_cache_on_elementor_ajax_update] Purge Cloudflare cache for only post 18 - Fired action: elementor/ajax/register_actions
[2022-05-17 23:14:14] [cache_controller::purge_cache_on_elementor_ajax_update] Purge Cloudflare cache for only post 18 - Fired action: elementor/ajax/register_actions
[2022-05-17 23:14:42] [cache_controller::purge_cache_on_elementor_ajax_update] Purge Cloudflare cache for only post 18 - Fired action: elementor/ajax/register_actions
[2022-05-17 23:15:45] [cache_controller::purge_cache_on_elementor_ajax_update] Purge Cloudflare cache for only post 18 - Fired action: elementor/ajax/register_actions
[2022-05-17 23:41:22] [cache_controller::purge_cache_on_elementor_ajax_update] Purge Cloudflare cache for only post 18 - Fired action: elementor/ajax/register_actions
[2022-05-17 23:41:50] [cache_controller::purge_cache_on_elementor_ajax_update] Purge Cloudflare cache for only post 18 - Fired action: elementor/ajax/register_actions
[2022-05-18 00:05:58] [cache_controller::purge_cache_on_elementor_ajax_update] Purge Cloudflare cache for only post 18 - Fired action: elementor/ajax/register_actions
[2022-05-18 00:08:38] [cache_controller::purge_cache_on_elementor_ajax_update] Purge Cloudflare cache for only post 18 - Fired action: elementor/ajax/register_actions
[2022-05-18 00:09:16] [cache_controller::purge_cache_on_elementor_ajax_update] Purge Cloudflare cache for only post 18 - Fired action: elementor/ajax/register_actions
[2022-05-18 00:09:22] [cache_controller::purge_cache_on_elementor_ajax_update] Purge Cloudflare cache for only post 18 - Fired action: elementor/ajax/register_actions
[2022-05-18 00:09:23] [cache_controller::purge_cache_on_elementor_ajax_update] Purge Cloudflare cache for only post 18 - Fired action: elementor/ajax/register_actions
[2022-05-18 00:09:26] [cache_controller::purge_cache_on_elementor_ajax_update] Purge Cloudflare cache for only post 18 - Fired action: elementor/ajax/register_actions
[2022-05-18 00:09:27] [cache_controller::purge_cache_on_elementor_ajax_update] Purge Cloudflare cache for only post 18 - Fired action: elementor/ajax/register_actions
[2022-05-18 01:27:09] [cache_controller::purge_cache_queue_job] I'm the purge cache cronjob
[2022-05-18 01:27:09] [cache_controller::purge_urls] Unable to purge some URLs from Cloudflare due to error: Could not route to /zones/purge_cache, perhaps your object identifier is invalid? (err code: 7003) - No route for that URI (err code: 7000)
[2022-05-18 01:27:09] [cache_controller::purge_cache_queue_job] Cache purging complete
[2022-05-18 17:42:54] [cache_controller::purge_cache_queue_write] queue file not exist
[2022-05-18 17:42:54] [cache_controller::purge_cache_on_elementor_ajax_update] Purge Cloudflare cache for only post 18 - Fired action: elementor/ajax/register_actions
[2022-05-18 17:42:55] [cache_controller::purge_cache_on_elementor_ajax_update] Purge Cloudflare cache for only post 18 - Fired action: elementor/ajax/register_actions
[2022-05-18 17:47:15] [cache_controller::purge_cache_on_elementor_ajax_update] Purge Cloudflare cache for only post 18 - Fired action: elementor/ajax/register_actions
[2022-05-18 17:47:17] [cache_controller::purge_cache_on_elementor_ajax_update] Purge Cloudflare cache for only post 18 - Fired action: elementor/ajax/register_actions
[2022-05-18 17:47:28] [cache_controller::purge_cache_on_elementor_ajax_update] Purge Cloudflare cache for only post 18 - Fired action: elementor/ajax/register_actions
[2022-05-18 17:47:31] [cache_controller::purge_cache_on_elementor_ajax_update] Purge Cloudflare cache for only post 18 - Fired action: elementor/ajax/register_actions
[2022-05-18 17:47:38] [cache_controller::purge_cache_on_elementor_ajax_update] Purge Cloudflare cache for only post 18 - Fired action: elementor/ajax/register_actions
[2022-05-18 17:47:40] [cache_controller::purge_cache_on_elementor_ajax_update] Purge Cloudflare cache for only post 18 - Fired action: elementor/ajax/register_actions
[2022-05-18 17:47:59] [cache_controller::purge_cache_on_elementor_ajax_update] Purge Cloudflare cache for only post 18 - Fired action: elementor/ajax/register_actions
[2022-05-18 17:48:00] [cache_controller::purge_cache_on_elementor_ajax_update] Purge Cloudflare cache for only post 18 - Fired action: elementor/ajax/register_actions
[2022-05-18 17:48:02] [cache_controller::purge_cache_on_elementor_ajax_update] Purge Cloudflare cache for only post 18 - Fired action: elementor/ajax/register_actions
[2022-05-18 17:48:03] [cache_controller::purge_cache_on_elementor_ajax_update] Purge Cloudflare cache for only post 18 - Fired action: elementor/ajax/register_actions
[2022-05-18 17:48:04] [cache_controller::purge_cache_on_elementor_ajax_update] Purge Cloudflare cache for only post 18 - Fired action: elementor/ajax/register_actions
[2022-05-18 17:48:17] [cache_controller::purge_cache_on_elementor_ajax_update] Purge Cloudflare cache for only post 18 - Fired action: elementor/ajax/register_actions
[2022-05-18 17:48:29] [cache_controller::purge_cache_on_elementor_ajax_update] Purge Cloudflare cache for only post 18 - Fired action: elementor/ajax/register_actions
[2022-05-18 17:50:09] [cache_controller::purge_cache_on_elementor_ajax_update] Purge Cloudflare cache for only post 18 - Fired action: elementor/ajax/register_actions
[2022-05-18 17:51:14] [cache_controller::purge_cache_on_elementor_ajax_update] Purge Cloudflare cache for only post 18 - Fired action: elementor/ajax/register_actions
[2022-05-18 17:51:53] [cache_controller::purge_cache_on_elementor_ajax_update] Purge Cloudflare cache for only post 18 - Fired action: elementor/ajax/register_actions
[2022-05-18 17:51:54] [cache_controller::purge_cache_on_elementor_ajax_update] Purge Cloudflare cache for only post 18 - Fired action: elementor/ajax/register_actions
[2022-05-18 17:52:20] [cache_controller::purge_cache_on_elementor_ajax_update] Purge Cloudflare cache for only post 18 - Fired action: elementor/ajax/register_actions
[2022-05-18 17:52:21] [cache_controller::purge_cache_on_elementor_ajax_update] Purge Cloudflare cache for only post 18 - Fired action: elementor/ajax/register_actions
[2022-05-18 17:52:31] [cache_controller::purge_cache_on_elementor_ajax_update] Purge Cloudflare cache for only post 18 - Fired action: elementor/ajax/register_actions
[2022-05-18 17:53:00] [cache_controller::purge_cache_on_elementor_ajax_update] Purge Cloudflare cache for only post 18 - Fired action: elementor/ajax/register_actions
[2022-05-18 17:53:14] [cache_controller::purge_cache_on_elementor_ajax_update] Purge Cloudflare cache for only post 18 - Fired action: elementor/ajax/register_actions
[2022-05-18 17:54:52] [cache_controller::purge_cache_on_elementor_ajax_update] Purge Cloudflare cache for only post 18 - Fired action: elementor/ajax/register_actions
[2022-05-18 17:55:27] [cache_controller::purge_cache_on_elementor_ajax_update] Purge Cloudflare cache for only post 18 - Fired action: elementor/ajax/register_actions
[2022-05-18 17:57:25] [cache_controller::purge_cache_on_elementor_ajax_update] Purge Cloudflare cache for only post 18 - Fired action: elementor/ajax/register_actions
[2022-05-18 17:57:34] [cache_controller::purge_cache_on_elementor_ajax_update] Purge Cloudflare cache for only post 18 - Fired action: elementor/ajax/register_actions
[2022-05-18 18:02:56] [cache_controller::purge_cache_on_elementor_ajax_update] Purge Cloudflare cache for only post 18 - Fired action: elementor/ajax/register_actions
[2022-05-18 18:03:33] [cache_controller::purge_cache_on_elementor_ajax_update] Purge Cloudflare cache for only post 18 - Fired action: elementor/ajax/register_actions
[2022-05-18 18:04:49] [cache_controller::purge_cache_on_elementor_ajax_update] Purge Cloudflare cache for only post 18 - Fired action: elementor/ajax/register_actions
[2022-05-18 18:04:50] [cache_controller::purge_cache_on_elementor_ajax_update] Purge Cloudflare cache for only post 18 - Fired action: elementor/ajax/register_actions
[2022-05-18 18:04:54] [cache_controller::purge_cache_on_elementor_ajax_update] Purge Cloudflare cache for only post 18 - Fired action: elementor/ajax/register_actions
[2022-05-18 18:05:46] [cache_controller::purge_cache_on_elementor_ajax_update] Purge Cloudflare cache for only post 18 - Fired action: elementor/ajax/register_actions
[2022-05-18 18:06:37] [cache_controller::purge_cache_on_elementor_ajax_update] Purge Cloudflare cache for only post 18 - Fired action: elementor/ajax/register_actions
[2022-05-18 18:06:44] [cache_controller::purge_cache_on_elementor_ajax_update] Purge Cloudflare cache for only post 18 - Fired action: elementor/ajax/register_actions
[2022-05-18 18:07:49] [cache_controller::purge_cache_on_elementor_ajax_update] Purge Cloudflare cache for only post 18 - Fired action: elementor/ajax/register_actions
[2022-05-18 18:07:53] [cache_controller::purge_cache_on_elementor_ajax_update] Purge Cloudflare cache for only post 18 - Fired action: elementor/ajax/register_actions
[2022-05-18 18:08:59] [cache_controller::purge_cache_on_elementor_ajax_update] Purge Cloudflare cache for only post 18 - Fired action: elementor/ajax/register_actions
[2022-05-18 18:09:30] [cache_controller::purge_cache_on_elementor_ajax_update] Purge Cloudflare cache for only post 18 - Fired action: elementor/ajax/register_actions
[2022-05-18 18:09:37] [cache_controller::purge_cache_on_elementor_ajax_update] Purge Cloudflare cache for only post 18 - Fired action: elementor/ajax/register_actions
[2022-05-18 18:09:57] [cache_controller::purge_cache_on_elementor_ajax_update] Purge Cloudflare cache for only post 18 - Fired action: elementor/ajax/register_actions
[2022-05-18 18:10:06] [cache_controller::purge_cache_on_elementor_ajax_update] Purge Cloudflare cache for only post 18 - Fired action: elementor/ajax/register_actions
[2022-05-18 18:10:42] [cache_controller::purge_cache_on_elementor_ajax_update] Purge Cloudflare cache for only post 18 - Fired action: elementor/ajax/register_actions
[2022-05-18 18:10:43] [cache_controller::purge_cache_on_elementor_ajax_update] Purge Cloudflare cache for only post 18 - Fired action: elementor/ajax/register_actions
[2022-05-18 18:10:44] [cache_controller::purge_cache_on_elementor_ajax_update] Purge Cloudflare cache for only post 18 - Fired action: elementor/ajax/register_actions
[2022-05-18 18:11:05] [cache_controller::purge_cache_on_elementor_ajax_update] Purge Cloudflare cache for only post 18 - Fired action: elementor/ajax/register_actions
[2022-05-18 18:11:06] [cache_controller::purge_cache_on_elementor_ajax_update] Purge Cloudflare cache for only post 18 - Fired action: elementor/ajax/register_actions
[2022-05-18 18:11:07] [cache_controller::purge_cache_on_elementor_ajax_update] Purge Cloudflare cache for only post 18 - Fired action: elementor/ajax/register_actions
[2022-05-18 18:11:33] [cache_controller::purge_cache_on_elementor_ajax_update] Purge Cloudflare cache for only post 18 - Fired action: elementor/ajax/register_actions
[2022-05-18 18:12:38] [cache_controller::purge_cache_on_elementor_ajax_update] Purge Cloudflare cache for only post 18 - Fired action: elementor/ajax/register_actions
[2022-05-18 18:15:35] [cache_controller::purge_cache_on_elementor_ajax_update] Purge Cloudflare cache for only post 18 - Fired action: elementor/ajax/register_actions
[2022-05-18 18:17:13] [cache_controller::purge_cache_on_elementor_ajax_update] Purge Cloudflare cache for only post 110 - Fired action: elementor/ajax/register_actions
[2022-05-18 18:18:34] [cache_controller::purge_cache_on_elementor_ajax_update] Purge Cloudflare cache for only post 110 - Fired action: elementor/ajax/register_actions
[2022-05-18 18:19:24] [cache_controller::purge_cache_on_elementor_ajax_update] Purge Cloudflare cache for only post 110 - Fired action: elementor/ajax/register_actions
[2022-05-18 18:20:26] [cache_controller::purge_cache_on_elementor_ajax_update] Purge Cloudflare cache for only post 110 - Fired action: elementor/ajax/register_actions
[2022-05-18 18:20:27] [cache_controller::purge_cache_on_elementor_ajax_update] Purge Cloudflare cache for only post 110 - Fired action: elementor/ajax/register_actions
[2022-05-18 18:20:32] [cache_controller::purge_cache_on_elementor_ajax_update] Purge Cloudflare cache for only post 110 - Fired action: elementor/ajax/register_actions
[2022-05-18 18:20:58] [cache_controller::purge_cache_on_elementor_ajax_update] Purge Cloudflare cache for only post 110 - Fired action: elementor/ajax/register_actions
[2022-05-18 18:21:08] [cache_controller::purge_cache_on_elementor_ajax_update] Purge Cloudflare cache for only post 110 - Fired action: elementor/ajax/register_actions
[2022-05-18 18:21:34] [cache_controller::purge_cache_on_elementor_ajax_update] Purge Cloudflare cache for only post 110 - Fired action: elementor/ajax/register_actions
[2022-05-18 18:21:35] [cache_controller::purge_cache_on_elementor_ajax_update] Purge Cloudflare cache for only post 110 - Fired action: elementor/ajax/register_actions
[2022-05-18 18:21:42] [cache_controller::purge_cache_on_elementor_ajax_update] Purge Cloudflare cache for only post 110 - Fired action: elementor/ajax/register_actions
[2022-05-18 18:22:04] [cache_controller::purge_cache_on_elementor_ajax_update] Purge Cloudflare cache for only post 110 - Fired action: elementor/ajax/register_actions
[2022-05-18 18:23:10] [cache_controller::purge_cache_on_elementor_ajax_update] Purge Cloudflare cache for only post 110 - Fired action: elementor/ajax/register_actions
[2022-05-18 18:23:30] [cache_controller::purge_cache_on_elementor_ajax_update] Purge Cloudflare cache for only post 110 - Fired action: elementor/ajax/register_actions
[2022-05-18 18:23:37] [cache_controller::purge_cache_on_elementor_ajax_update] Purge Cloudflare cache for only post 110 - Fired action: elementor/ajax/register_actions
[2022-05-18 18:23:51] [cache_controller::purge_cache_on_elementor_ajax_update] Purge Cloudflare cache for only post 110 - Fired action: elementor/ajax/register_actions
[2022-05-18 18:24:24] [cache_controller::purge_cache_on_elementor_ajax_update] Purge Cloudflare cache for only post 110 - Fired action: elementor/ajax/register_actions
[2022-05-18 18:24:46] [cache_controller::purge_cache_on_elementor_ajax_update] Purge Cloudflare cache for only post 110 - Fired action: elementor/ajax/register_actions
[2022-05-18 18:25:09] [cache_controller::purge_cache_on_elementor_ajax_update] Purge Cloudflare cache for only post 110 - Fired action: elementor/ajax/register_actions
[2022-05-18 18:25:43] [cache_controller::purge_cache_on_elementor_ajax_update] Purge Cloudflare cache for only post 110 - Fired action: elementor/ajax/register_actions
[2022-05-18 18:25:44] [cache_controller::purge_cache_on_elementor_ajax_update] Purge Cloudflare cache for only post 110 - Fired action: elementor/ajax/register_actions
[2022-05-18 18:25:46] [cache_controller::purge_cache_on_elementor_ajax_update] Purge Cloudflare cache for only post 110 - Fired action: elementor/ajax/register_actions
[2022-05-18 18:26:01] [cache_controller::purge_cache_on_elementor_ajax_update] Purge Cloudflare cache for only post 110 - Fired action: elementor/ajax/register_actions
[2022-05-18 18:26:09] [cache_controller::purge_cache_on_elementor_ajax_update] Purge Cloudflare cache for only post 110 - Fired action: elementor/ajax/register_actions
[2022-05-18 18:26:23] [cache_controller::purge_cache_on_elementor_ajax_update] Purge Cloudflare cache for only post 110 - Fired action: elementor/ajax/register_actions
[2022-05-18 18:26:26] [cache_controller::purge_cache_on_elementor_ajax_update] Purge Cloudflare cache for only post 110 - Fired action: elementor/ajax/register_actions
[2022-05-18 18:26:53] [cache_controller::purge_cache_on_elementor_ajax_update] Purge Cloudflare cache for only post 110 - Fired action: elementor/ajax/register_actions
[2022-05-18 18:26:54] [cache_controller::purge_cache_on_elementor_ajax_update] Purge Cloudflare cache for only post 110 - Fired action: elementor/ajax/register_actions
[2022-05-18 18:26:57] [cache_controller::purge_cache_on_elementor_ajax_update] Purge Cloudflare cache for only post 110 - Fired action: elementor/ajax/register_actions
[2022-05-18 18:28:34] [cache_controller::purge_cache_on_elementor_ajax_update] Purge Cloudflare cache for only post 18 - Fired action: elementor/ajax/register_actions
[2022-05-18 18:28:43] [cache_controller::purge_cache_on_elementor_ajax_update] Purge Cloudflare cache for only post 18 - Fired action: elementor/ajax/register_actions
[2022-05-18 18:28:52] [cache_controller::purge_cache_on_elementor_ajax_update] Purge Cloudflare cache for only post 110 - Fired action: elementor/ajax/register_actions
[2022-05-18 18:29:01] [cache_controller::purge_cache_on_elementor_ajax_update] Purge Cloudflare cache for only post 110 - Fired action: elementor/ajax/register_actions
[2022-05-18 18:29:15] [cache_controller::purge_cache_on_elementor_ajax_update] Purge Cloudflare cache for only post 110 - Fired action: elementor/ajax/register_actions
[2022-05-18 18:29:41] [cache_controller::purge_cache_on_elementor_ajax_update] Purge Cloudflare cache for only post 110 - Fired action: elementor/ajax/register_actions
[2022-05-18 18:29:57] [cache_controller::purge_cache_on_elementor_ajax_update] Purge Cloudflare cache for only post 110 - Fired action: elementor/ajax/register_actions
[2022-05-18 18:31:25] [cache_controller::purge_cache_on_elementor_ajax_update] Purge Cloudflare cache for only post 142 - Fired action: elementor/ajax/register_actions
[2022-05-18 18:31:48] [cache_controller::purge_cache_on_elementor_ajax_update] Purge Cloudflare cache for only post 142 - Fired action: elementor/ajax/register_actions
[2022-05-18 18:31:54] [cache_controller::purge_cache_on_elementor_ajax_update] Purge Cloudflare cache for only post 142 - Fired action: elementor/ajax/register_actions
[2022-05-18 18:31:57] [cache_controller::purge_cache_on_elementor_ajax_update] Purge Cloudflare cache for only post 142 - Fired action: elementor/ajax/register_actions
[2022-05-18 18:32:05] [cache_controller::purge_cache_on_elementor_ajax_update] Purge Cloudflare cache for only post 142 - Fired action: elementor/ajax/register_actions
[2022-05-18 18:32:40] [cache_controller::purge_cache_on_elementor_ajax_update] Purge Cloudflare cache for only post 142 - Fired action: elementor/ajax/register_actions
[2022-05-18 18:32:40] [cache_controller::purge_cache_on_elementor_ajax_update] Purge Cloudflare cache for only post 142 - Fired action: elementor/ajax/register_actions
[2022-05-18 18:32:46] [cache_controller::purge_cache_on_elementor_ajax_update] Purge Cloudflare cache for only post 142 - Fired action: elementor/ajax/register_actions
[2022-05-18 18:32:49] [cache_controller::purge_cache_on_elementor_ajax_update] Purge Cloudflare cache for only post 142 - Fired action: elementor/ajax/register_actions
[2022-05-18 18:32:51] [cache_controller::purge_cache_on_elementor_ajax_update] Purge Cloudflare cache for only post 142 - Fired action: elementor/ajax/register_actions
[2022-05-18 18:32:52] [cache_controller::purge_cache_on_elementor_ajax_update] Purge Cloudflare cache for only post 142 - Fired action: elementor/ajax/register_actions
[2022-05-18 18:33:32] [cache_controller::purge_cache_on_elementor_ajax_update] Purge Cloudflare cache for only post 142 - Fired action: elementor/ajax/register_actions
[2022-05-18 18:33:32] [cache_controller::purge_cache_on_elementor_ajax_update] Purge Cloudflare cache for only post 142 - Fired action: elementor/ajax/register_actions
[2022-05-18 18:33:36] [cache_controller::purge_cache_on_elementor_ajax_update] Purge Cloudflare cache for only post 142 - Fired action: elementor/ajax/register_actions
[2022-05-18 18:33:37] [cache_controller::purge_cache_on_elementor_ajax_update] Purge Cloudflare cache for only post 142 - Fired action: elementor/ajax/register_actions
[2022-05-18 18:33:56] [cache_controller::purge_cache_on_elementor_ajax_update] Purge Cloudflare cache for only post 142 - Fired action: elementor/ajax/register_actions
[2022-05-18 18:33:57] [cache_controller::purge_cache_on_elementor_ajax_update] Purge Cloudflare cache for only post 142 - Fired action: elementor/ajax/register_actions
[2022-05-18 18:34:15] [cache_controller::purge_cache_on_elementor_ajax_update] Purge Cloudflare cache for only post 142 - Fired action: elementor/ajax/register_actions
[2022-05-18 18:34:15] [cache_controller::purge_cache_on_elementor_ajax_update] Purge Cloudflare cache for only post 142 - Fired action: elementor/ajax/register_actions
[2022-05-18 18:34:20] [cache_controller::purge_cache_on_elementor_ajax_update] Purge Cloudflare cache for only post 142 - Fired action: elementor/ajax/register_actions
[2022-05-18 18:34:32] [cache_controller::purge_cache_on_elementor_ajax_update] Purge Cloudflare cache for only post 142 - Fired action: elementor/ajax/register_actions
[2022-05-18 18:34:33] [cache_controller::purge_cache_on_elementor_ajax_update] Purge Cloudflare cache for only post 142 - Fired action: elementor/ajax/register_actions
[2022-05-18 18:35:08] [cache_controller::purge_cache_on_elementor_ajax_update] Purge Cloudflare cache for only post 142 - Fired action: elementor/ajax/register_actions
[2022-05-18 18:35:10] [cache_controller::purge_cache_on_elementor_ajax_update] Purge Cloudflare cache for only post 142 - Fired action: elementor/ajax/register_actions
[2022-05-18 18:37:22] [cache_controller::purge_cache_on_elementor_ajax_update] Purge Cloudflare cache for only post 142 - Fired action: elementor/ajax/register_actions
[2022-05-18 18:37:22] [cache_controller::purge_cache_on_elementor_ajax_update] Purge Cloudflare cache for only post 142 - Fired action: elementor/ajax/register_actions
[2022-05-18 18:38:01] [cache_controller::purge_cache_on_elementor_ajax_update] Purge Cloudflare cache for only post 142 - Fired action: elementor/ajax/register_actions
[2022-05-18 18:38:02] [cache_controller::purge_cache_on_elementor_ajax_update] Purge Cloudflare cache for only post 142 - Fired action: elementor/ajax/register_actions
[2022-05-18 18:38:03] [cache_controller::purge_cache_on_elementor_ajax_update] Purge Cloudflare cache for only post 142 - Fired action: elementor/ajax/register_actions
[2022-05-18 18:38:25] [cache_controller::purge_cache_on_elementor_ajax_update] Purge Cloudflare cache for only post 142 - Fired action: elementor/ajax/register_actions
[2022-05-18 18:38:37] [cache_controller::purge_cache_on_elementor_ajax_update] Purge Cloudflare cache for only post 142 - Fired action: elementor/ajax/register_actions
[2022-05-18 18:38:37] [cache_controller::purge_cache_on_elementor_ajax_update] Purge Cloudflare cache for only post 142 - Fired action: elementor/ajax/register_actions
[2022-05-18 18:39:35] [cache_controller::purge_cache_on_elementor_ajax_update] Purge Cloudflare cache for only post 142 - Fired action: elementor/ajax/register_actions
[2022-05-18 18:39:51] [cache_controller::purge_cache_on_elementor_ajax_update] Purge Cloudflare cache for only post 110 - Fired action: elementor/ajax/register_actions
[2022-05-18 18:40:11] [cache_controller::purge_cache_on_elementor_ajax_update] Purge Cloudflare cache for only post 110 - Fired action: elementor/ajax/register_actions
[2022-05-18 18:40:20] [cache_controller::purge_cache_on_elementor_ajax_update] Purge Cloudflare cache for only post 110 - Fired action: elementor/ajax/register_actions
[2022-05-18 18:40:22] [cache_controller::purge_cache_on_elementor_ajax_update] Purge Cloudflare cache for only post 110 - Fired action: elementor/ajax/register_actions
[2022-05-18 18:40:23] [cache_controller::purge_cache_on_elementor_ajax_update] Purge Cloudflare cache for only post 110 - Fired action: elementor/ajax/register_actions
[2022-05-18 18:40:26] [cache_controller::purge_cache_on_elementor_ajax_update] Purge Cloudflare cache for only post 110 - Fired action: elementor/ajax/register_actions
[2022-05-18 18:40:38] [cache_controller::purge_cache_on_elementor_ajax_update] Purge Cloudflare cache for only post 110 - Fired action: elementor/ajax/register_actions
[2022-05-18 18:40:40] [cache_controller::purge_cache_on_elementor_ajax_update] Purge Cloudflare cache for only post 110 - Fired action: elementor/ajax/register_actions
[2022-05-18 18:40:55] [cache_controller::purge_cache_on_elementor_ajax_update] Purge Cloudflare cache for only post 110 - Fired action: elementor/ajax/register_actions
[2022-05-18 18:40:58] [cache_controller::purge_cache_on_elementor_ajax_update] Purge Cloudflare cache for only post 110 - Fired action: elementor/ajax/register_actions
[2022-05-18 18:41:09] [cache_controller::purge_cache_on_elementor_ajax_update] Purge Cloudflare cache for only post 110 - Fired action: elementor/ajax/register_actions
[2022-05-18 18:41:10] [cache_controller::purge_cache_on_elementor_ajax_update] Purge Cloudflare cache for only post 110 - Fired action: elementor/ajax/register_actions
[2022-05-18 18:41:13] [cache_controller::purge_cache_on_elementor_ajax_update] Purge Cloudflare cache for only post 110 - Fired action: elementor/ajax/register_actions
[2022-05-18 18:41:17] [cache_controller::purge_cache_on_elementor_ajax_update] Purge Cloudflare cache for only post 110 - Fired action: elementor/ajax/register_actions
[2022-05-18 18:41:17] [cache_controller::purge_cache_on_elementor_ajax_update] Purge Cloudflare cache for only post 110 - Fired action: elementor/ajax/register_actions
[2022-05-18 18:41:17] [cache_controller::purge_cache_on_elementor_ajax_update] Purge Cloudflare cache for only post 110 - Fired action: elementor/ajax/register_actions
[2022-05-18 18:42:23] [cache_controller::purge_cache_on_elementor_ajax_update] Purge Cloudflare cache for only post 110 - Fired action: elementor/ajax/register_actions
[2022-05-18 18:45:55] [cache_controller::purge_cache_on_elementor_ajax_update] Purge Cloudflare cache for only post 110 - Fired action: elementor/ajax/register_actions
[2022-05-18 18:46:00] [cache_controller::purge_cache_on_elementor_ajax_update] Purge Cloudflare cache for only post 110 - Fired action: elementor/ajax/register_actions
[2022-05-18 18:46:07] [cache_controller::purge_cache_on_elementor_ajax_update] Purge Cloudflare cache for only post 110 - Fired action: elementor/ajax/register_actions
[2022-05-18 18:56:10] [cache_controller::purge_cache_on_elementor_ajax_update] Purge Cloudflare cache for only post 110 - Fired action: elementor/ajax/register_actions
[2022-05-18 18:57:48] [cache_controller::purge_cache_on_elementor_ajax_update] Purge Cloudflare cache for only post 110 - Fired action: elementor/ajax/register_actions
[2022-05-18 18:57:49] [cache_controller::purge_cache_on_elementor_ajax_update] Purge Cloudflare cache for only post 110 - Fired action: elementor/ajax/register_actions
[2022-05-18 18:59:41] [cache_controller::purge_cache_on_elementor_ajax_update] Purge Cloudflare cache for only post 110 - Fired action: elementor/ajax/register_actions
[2022-05-18 18:59:54] [cache_controller::purge_cache_on_elementor_ajax_update] Purge Cloudflare cache for only post 110 - Fired action: elementor/ajax/register_actions
[2022-05-18 19:00:58] [cache_controller::purge_cache_on_elementor_ajax_update] Purge Cloudflare cache for only post 110 - Fired action: elementor/ajax/register_actions
[2022-05-18 19:01:15] [cache_controller::purge_cache_on_elementor_ajax_update] Purge Cloudflare cache for only post 110 - Fired action: elementor/ajax/register_actions
[2022-05-18 19:01:48] [cache_controller::purge_cache_on_elementor_ajax_update] Purge Cloudflare cache for only post 110 - Fired action: elementor/ajax/register_actions
[2022-05-18 19:03:43] [cache_controller::purge_cache_on_elementor_ajax_update] Purge Cloudflare cache for only post 110 - Fired action: elementor/ajax/register_actions
[2022-05-18 19:03:49] [cache_controller::purge_cache_on_elementor_ajax_update] Purge Cloudflare cache for only post 110 - Fired action: elementor/ajax/register_actions
[2022-05-18 19:04:22] [cache_controller::purge_cache_on_elementor_ajax_update] Purge Cloudflare cache for only post 18 - Fired action: elementor/ajax/register_actions
[2022-05-18 19:04:44] [cache_controller::purge_cache_on_elementor_ajax_update] Purge Cloudflare cache for only post 18 - Fired action: elementor/ajax/register_actions
[2022-05-18 19:05:35] [cache_controller::purge_cache_on_elementor_ajax_update] Purge Cloudflare cache for only post 18 - Fired action: elementor/ajax/register_actions
[2022-05-18 19:05:36] [cache_controller::purge_cache_on_elementor_ajax_update] Purge Cloudflare cache for only post 18 - Fired action: elementor/ajax/register_actions
[2022-05-18 19:07:59] [cache_controller::purge_cache_on_elementor_ajax_update] Purge Cloudflare cache for only post 18 - Fired action: elementor/ajax/register_actions
[2022-05-18 19:08:24] [cache_controller::purge_cache_on_elementor_ajax_update] Purge Cloudflare cache for only post 201 - Fired action: elementor/ajax/register_actions
[2022-05-18 19:08:41] [cache_controller::purge_cache_on_elementor_ajax_update] Purge Cloudflare cache for only post 201 - Fired action: elementor/ajax/register_actions
[2022-05-18 19:09:16] [cache_controller::purge_cache_on_elementor_ajax_update] Purge Cloudflare cache for only post 201 - Fired action: elementor/ajax/register_actions
[2022-05-18 19:09:21] [cache_controller::purge_cache_on_elementor_ajax_update] Purge Cloudflare cache for only post 201 - Fired action: elementor/ajax/register_actions
[2022-05-18 19:09:23] [cache_controller::purge_cache_on_elementor_ajax_update] Purge Cloudflare cache for only post 201 - Fired action: elementor/ajax/register_actions
[2022-05-18 19:10:22] [cache_controller::purge_cache_on_elementor_ajax_update] Purge Cloudflare cache for only post 201 - Fired action: elementor/ajax/register_actions
[2022-05-18 19:10:25] [cache_controller::purge_cache_on_elementor_ajax_update] Purge Cloudflare cache for only post 201 - Fired action: elementor/ajax/register_actions
[2022-05-18 19:11:03] [cache_controller::purge_cache_on_elementor_ajax_update] Purge Cloudflare cache for only post 201 - Fired action: elementor/ajax/register_actions
[2022-05-18 19:11:20] [cache_controller::purge_cache_on_elementor_ajax_update] Purge Cloudflare cache for only post 201 - Fired action: elementor/ajax/register_actions
[2022-05-18 19:11:33] [cache_controller::purge_cache_on_elementor_ajax_update] Purge Cloudflare cache for only post 201 - Fired action: elementor/ajax/register_actions
[2022-05-18 19:13:03] [cache_controller::purge_cache_on_elementor_ajax_update] Purge Cloudflare cache for only post 201 - Fired action: elementor/ajax/register_actions
[2022-05-18 19:17:02] [cache_controller::purge_cache_on_elementor_ajax_update] Purge Cloudflare cache for only post 201 - Fired action: elementor/ajax/register_actions
[2022-05-18 19:17:44] [cache_controller::purge_cache_on_elementor_ajax_update] Purge Cloudflare cache for only post 201 - Fired action: elementor/ajax/register_actions
[2022-05-18 19:17:58] [cache_controller::purge_cache_on_elementor_ajax_update] Purge Cloudflare cache for only post 201 - Fired action: elementor/ajax/register_actions
[2022-05-18 19:18:28] [cache_controller::purge_cache_on_elementor_ajax_update] Purge Cloudflare cache for only post 201 - Fired action: elementor/ajax/register_actions
[2022-05-18 19:19:49] [cache_controller::purge_cache_on_elementor_ajax_update] Purge Cloudflare cache for only post 201 - Fired action: elementor/ajax/register_actions
[2022-05-18 19:21:01] [cache_controller::purge_cache_on_elementor_ajax_update] Purge Cloudflare cache for only post 201 - Fired action: elementor/ajax/register_actions
[2022-05-18 19:21:22] [cache_controller::purge_cache_on_elementor_ajax_update] Purge Cloudflare cache for only post 201 - Fired action: elementor/ajax/register_actions
[2022-05-18 19:55:50] [cache_controller::purge_cache_on_elementor_ajax_update] Purge Cloudflare cache for only post 110 - Fired action: elementor/ajax/register_actions
[2022-05-18 19:56:10] [cache_controller::purge_cache_on_elementor_ajax_update] Purge Cloudflare cache for only post 110 - Fired action: elementor/ajax/register_actions
[2022-05-18 19:56:30] [cache_controller::purge_cache_on_elementor_ajax_update] Purge Cloudflare cache for only post 110 - Fired action: elementor/ajax/register_actions
[2022-05-18 19:57:32] [cache_controller::purge_cache_on_elementor_ajax_update] Purge Cloudflare cache for only post 110 - Fired action: elementor/ajax/register_actions
[2022-05-18 19:57:42] [cache_controller::purge_cache_on_elementor_ajax_update] Purge Cloudflare cache for only post 110 - Fired action: elementor/ajax/register_actions
[2022-05-18 19:57:43] [cache_controller::purge_cache_on_elementor_ajax_update] Purge Cloudflare cache for only post 110 - Fired action: elementor/ajax/register_actions
[2022-05-18 19:58:59] [cache_controller::purge_cache_on_elementor_ajax_update] Purge Cloudflare cache for only post 110 - Fired action: elementor/ajax/register_actions
[2022-05-18 20:07:43] [cache_controller::purge_cache_on_elementor_ajax_update] Purge Cloudflare cache for only post 110 - Fired action: elementor/ajax/register_actions
[2022-05-18 20:07:55] [cache_controller::purge_cache_on_elementor_ajax_update] Purge Cloudflare cache for only post 110 - Fired action: elementor/ajax/register_actions
[2022-05-18 20:08:13] [cache_controller::purge_cache_on_elementor_ajax_update] Purge Cloudflare cache for only post 110 - Fired action: elementor/ajax/register_actions
[2022-05-18 20:12:24] [cache_controller::purge_cache_on_elementor_ajax_update] Purge Cloudflare cache for only post 110 - Fired action: elementor/ajax/register_actions
[2022-05-18 20:12:37] [cache_controller::purge_cache_on_elementor_ajax_update] Purge Cloudflare cache for only post 110 - Fired action: elementor/ajax/register_actions
[2022-05-18 20:12:38] [cache_controller::purge_cache_on_elementor_ajax_update] Purge Cloudflare cache for only post 110 - Fired action: elementor/ajax/register_actions
[2022-05-18 20:12:44] [cache_controller::purge_cache_on_elementor_ajax_update] Purge Cloudflare cache for only post 110 - Fired action: elementor/ajax/register_actions
[2022-05-18 20:13:03] [cache_controller::purge_cache_on_elementor_ajax_update] Purge Cloudflare cache for only post 110 - Fired action: elementor/ajax/register_actions
[2022-05-18 20:13:35] [cache_controller::purge_cache_on_elementor_ajax_update] Purge Cloudflare cache for only post 110 - Fired action: elementor/ajax/register_actions
[2022-05-18 20:13:50] [cache_controller::purge_cache_on_elementor_ajax_update] Purge Cloudflare cache for only post 110 - Fired action: elementor/ajax/register_actions
[2022-05-18 20:15:08] [cache_controller::purge_cache_on_elementor_ajax_update] Purge Cloudflare cache for only post 110 - Fired action: elementor/ajax/register_actions
[2022-05-18 20:15:22] [cache_controller::purge_cache_on_elementor_ajax_update] Purge Cloudflare cache for only post 110 - Fired action: elementor/ajax/register_actions
[2022-05-18 20:17:20] [cache_controller::purge_cache_on_elementor_ajax_update] Purge Cloudflare cache for only post 110 - Fired action: elementor/ajax/register_actions
[2022-05-18 20:34:17] [cache_controller::purge_cache_on_elementor_ajax_update] Purge Cloudflare cache for only post 110 - Fired action: elementor/ajax/register_actions
[2022-05-18 20:34:39] [cache_controller::purge_cache_on_elementor_ajax_update] Purge Cloudflare cache for only post 110 - Fired action: elementor/ajax/register_actions
[2022-05-18 20:35:14] [cache_controller::purge_cache_on_elementor_ajax_update] Purge Cloudflare cache for only post 110 - Fired action: elementor/ajax/register_actions
[2022-05-18 20:35:15] [cache_controller::purge_cache_on_elementor_ajax_update] Purge Cloudflare cache for only post 110 - Fired action: elementor/ajax/register_actions
[2022-05-18 20:35:16] [cache_controller::purge_cache_on_elementor_ajax_update] Purge Cloudflare cache for only post 110 - Fired action: elementor/ajax/register_actions
[2022-05-18 20:36:00] [cache_controller::purge_cache_on_elementor_ajax_update] Purge Cloudflare cache for only post 110 - Fired action: elementor/ajax/register_actions
[2022-05-18 20:36:02] [cache_controller::purge_cache_on_elementor_ajax_update] Purge Cloudflare cache for only post 110 - Fired action: elementor/ajax/register_actions
[2022-05-18 20:36:12] [cache_controller::purge_cache_on_elementor_ajax_update] Purge Cloudflare cache for only post 110 - Fired action: elementor/ajax/register_actions
[2022-05-18 20:37:37] [cache_controller::purge_cache_on_elementor_ajax_update] Purge Cloudflare cache for only post 110 - Fired action: elementor/ajax/register_actions
[2022-05-18 20:37:46] [cache_controller::purge_cache_on_elementor_ajax_update] Purge Cloudflare cache for only post 110 - Fired action: elementor/ajax/register_actions
[2022-05-18 20:38:00] [cache_controller::purge_cache_on_elementor_ajax_update] Purge Cloudflare cache for only post 110 - Fired action: elementor/ajax/register_actions
[2022-05-18 20:38:17] [cache_controller::purge_cache_on_elementor_ajax_update] Purge Cloudflare cache for only post 201 - Fired action: elementor/ajax/register_actions
[2022-05-18 20:38:31] [cache_controller::purge_cache_on_elementor_ajax_update] Purge Cloudflare cache for only post 201 - Fired action: elementor/ajax/register_actions
[2022-05-18 20:39:10] [cache_controller::purge_cache_on_elementor_ajax_update] Purge Cloudflare cache for only post 201 - Fired action: elementor/ajax/register_actions
[2022-05-18 20:39:11] [cache_controller::purge_cache_on_elementor_ajax_update] Purge Cloudflare cache for only post 201 - Fired action: elementor/ajax/register_actions
[2022-05-18 20:39:15] [cache_controller::purge_cache_on_elementor_ajax_update] Purge Cloudflare cache for only post 201 - Fired action: elementor/ajax/register_actions
[2022-05-18 20:39:24] [cache_controller::purge_cache_on_elementor_ajax_update] Purge Cloudflare cache for only post 201 - Fired action: elementor/ajax/register_actions
[2022-05-18 20:39:29] [cache_controller::purge_cache_on_elementor_ajax_update] Purge Cloudflare cache for only post 201 - Fired action: elementor/ajax/register_actions
[2022-05-18 20:40:31] [cache_controller::purge_cache_on_elementor_ajax_update] Purge Cloudflare cache for only post 201 - Fired action: elementor/ajax/register_actions
[2022-05-18 20:52:34] [cache_controller::purge_cache_on_elementor_ajax_update] Purge Cloudflare cache for only post 201 - Fired action: elementor/ajax/register_actions
[2022-05-18 21:00:03] [cache_controller::purge_cache_on_elementor_ajax_update] Purge Cloudflare cache for only post 142 - Fired action: elementor/ajax/register_actions
[2022-05-18 21:00:28] [cache_controller::purge_cache_on_elementor_ajax_update] Purge Cloudflare cache for only post 110 - Fired action: elementor/ajax/register_actions
[2022-05-18 21:00:40] [cache_controller::purge_cache_on_elementor_ajax_update] Purge Cloudflare cache for only post 110 - Fired action: elementor/ajax/register_actions
[2022-05-18 21:00:40] [cache_controller::purge_cache_on_elementor_ajax_update] Purge Cloudflare cache for only post 110 - Fired action: elementor/ajax/register_actions
[2022-05-18 21:00:49] [cache_controller::purge_cache_on_elementor_ajax_update] Purge Cloudflare cache for only post 110 - Fired action: elementor/ajax/register_actions
[2022-05-18 21:00:50] [cache_controller::purge_cache_on_elementor_ajax_update] Purge Cloudflare cache for only post 110 - Fired action: elementor/ajax/register_actions
[2022-05-18 21:01:05] [cache_controller::purge_cache_on_elementor_ajax_update] Purge Cloudflare cache for only post 110 - Fired action: elementor/ajax/register_actions
[2022-05-18 21:01:11] [cache_controller::purge_cache_on_elementor_ajax_update] Purge Cloudflare cache for only post 110 - Fired action: elementor/ajax/register_actions
[2022-05-18 21:01:12] [cache_controller::purge_cache_on_elementor_ajax_update] Purge Cloudflare cache for only post 110 - Fired action: elementor/ajax/register_actions
[2022-05-18 21:01:57] [cache_controller::purge_cache_on_elementor_ajax_update] Purge Cloudflare cache for only post 18 - Fired action: elementor/ajax/register_actions
[2022-05-18 21:02:33] [cache_controller::purge_cache_on_elementor_ajax_update] Purge Cloudflare cache for only post 18 - Fired action: elementor/ajax/register_actions
[2022-05-18 21:02:34] [cache_controller::purge_cache_on_elementor_ajax_update] Purge Cloudflare cache for only post 18 - Fired action: elementor/ajax/register_actions
[2022-05-18 21:02:52] [cache_controller::purge_cache_on_elementor_ajax_update] Purge Cloudflare cache for only post 110 - Fired action: elementor/ajax/register_actions
[2022-05-18 21:03:25] [cache_controller::purge_cache_on_elementor_ajax_update] Purge Cloudflare cache for only post 110 - Fired action: elementor/ajax/register_actions
[2022-05-18 21:03:26] [cache_controller::purge_cache_on_elementor_ajax_update] Purge Cloudflare cache for only post 110 - Fired action: elementor/ajax/register_actions
[2022-05-18 21:03:29] [cache_controller::purge_cache_on_elementor_ajax_update] Purge Cloudflare cache for only post 110 - Fired action: elementor/ajax/register_actions
[2022-05-18 21:03:42] [cache_controller::purge_cache_on_elementor_ajax_update] Purge Cloudflare cache for only post 110 - Fired action: elementor/ajax/register_actions
[2022-05-18 21:04:07] [cache_controller::purge_cache_on_elementor_ajax_update] Purge Cloudflare cache for only post 110 - Fired action: elementor/ajax/register_actions
[2022-05-18 21:04:15] [cache_controller::purge_cache_on_elementor_ajax_update] Purge Cloudflare cache for only post 201 - Fired action: elementor/ajax/register_actions
[2022-05-18 21:05:11] [cache_controller::purge_cache_on_elementor_ajax_update] Purge Cloudflare cache for only post 201 - Fired action: elementor/ajax/register_actions
[2022-05-18 21:05:31] [cache_controller::purge_cache_on_elementor_ajax_update] Purge Cloudflare cache for only post 201 - Fired action: elementor/ajax/register_actions
[2022-05-18 21:05:57] [cache_controller::purge_cache_on_elementor_ajax_update] Purge Cloudflare cache for only post 201 - Fired action: elementor/ajax/register_actions
[2022-05-18 21:05:58] [cache_controller::purge_cache_on_elementor_ajax_update] Purge Cloudflare cache for only post 201 - Fired action: elementor/ajax/register_actions
[2022-05-18 21:06:00] [cache_controller::purge_cache_on_elementor_ajax_update] Purge Cloudflare cache for only post 201 - Fired action: elementor/ajax/register_actions
[2022-05-18 21:06:50] [cache_controller::purge_cache_on_elementor_ajax_update] Purge Cloudflare cache for only post 201 - Fired action: elementor/ajax/register_actions
[2022-05-18 21:07:08] [cache_controller::purge_cache_on_elementor_ajax_update] Purge Cloudflare cache for only post 201 - Fired action: elementor/ajax/register_actions
[2022-05-18 21:07:39] [cache_controller::purge_cache_on_elementor_ajax_update] Purge Cloudflare cache for only post 201 - Fired action: elementor/ajax/register_actions
[2022-05-18 21:07:57] [cache_controller::purge_cache_on_elementor_ajax_update] Purge Cloudflare cache for only post 18 - Fired action: elementor/ajax/register_actions
[2022-05-18 21:08:13] [cache_controller::purge_cache_on_elementor_ajax_update] Purge Cloudflare cache for only post 18 - Fired action: elementor/ajax/register_actions
[2022-05-18 21:08:14] [cache_controller::purge_cache_on_elementor_ajax_update] Purge Cloudflare cache for only post 18 - Fired action: elementor/ajax/register_actions
[2022-05-18 21:09:07] [cache_controller::purge_cache_on_elementor_ajax_update] Purge Cloudflare cache for only post 110 - Fired action: elementor/ajax/register_actions
[2022-05-18 21:09:25] [cache_controller::purge_cache_on_elementor_ajax_update] Purge Cloudflare cache for only post 110 - Fired action: elementor/ajax/register_actions
[2022-05-18 21:09:26] [cache_controller::purge_cache_on_elementor_ajax_update] Purge Cloudflare cache for only post 110 - Fired action: elementor/ajax/register_actions
[2022-05-18 21:10:18] [cache_controller::purge_cache_on_elementor_ajax_update] Purge Cloudflare cache for only post 110 - Fired action: elementor/ajax/register_actions
[2022-05-18 21:12:02] [cache_controller::purge_cache_on_elementor_ajax_update] Purge Cloudflare cache for only post 110 - Fired action: elementor/ajax/register_actions
[2022-05-18 21:12:04] [cache_controller::purge_cache_on_elementor_ajax_update] Purge Cloudflare cache for only post 110 - Fired action: elementor/ajax/register_actions
[2022-05-18 21:12:12] [cache_controller::purge_cache_on_elementor_ajax_update] Purge Cloudflare cache for only post 110 - Fired action: elementor/ajax/register_actions
[2022-05-18 21:12:13] [cache_controller::purge_cache_on_elementor_ajax_update] Purge Cloudflare cache for only post 110 - Fired action: elementor/ajax/register_actions
[2022-05-18 21:12:14] [cache_controller::purge_cache_on_elementor_ajax_update] Purge Cloudflare cache for only post 110 - Fired action: elementor/ajax/register_actions
[2022-05-18 21:12:57] [cache_controller::purge_cache_on_elementor_ajax_update] Purge Cloudflare cache for only post 110 - Fired action: elementor/ajax/register_actions
[2022-05-18 21:13:12] [cache_controller::purge_cache_on_elementor_ajax_update] Purge Cloudflare cache for only post 110 - Fired action: elementor/ajax/register_actions
[2022-05-18 21:15:12] [cache_controller::purge_cache_on_elementor_ajax_update] Purge Cloudflare cache for only post 110 - Fired action: elementor/ajax/register_actions
[2022-05-18 21:15:20] [cache_controller::purge_cache_on_elementor_ajax_update] Purge Cloudflare cache for only post 110 - Fired action: elementor/ajax/register_actions
[2022-05-19 01:27:06] [cache_controller::purge_cache_queue_job] I'm the purge cache cronjob
[2022-05-19 01:27:06] [cache_controller::purge_urls] Unable to purge some URLs from Cloudflare due to error: Could not route to /zones/purge_cache, perhaps your object identifier is invalid? (err code: 7003) - No route for that URI (err code: 7000)
[2022-05-19 01:27:06] [cache_controller::purge_cache_queue_job] Cache purging complete
